# Server version 0.08 running on 192.168.2.27:8123
# Game ID: 110
# Board class: halma.CCBoard
# Timeout: 300000
# Date: Sun Apr 06 09:41:00 EDT 2014
# Player 1: Player-0, 'ABPruning', running on localhost
# Player 2: Player-1, 'ABPruning', running on localhost
# Player 3: Player-2, 'ABPruning', running on localhost
# Player 4: Player-3, 'ABPruning', running on localhost
START Player-0 ABPruning
START Player-1 ABPruning
START Player-2 ABPruning
START Player-3 ABPruning
0 (3,0) (3,2)
0 null null
1 (13,1) (13,3)
1 null null
2 (0,12) (1,11)
3 (14,14) (12,12)
3 null null
0 (2,2) (2,3)
1 (14,3) (12,3)
1 null null
2 (2,14) (0,12)
2 (0,12) (2,12)
2 (2,12) (0,10)
2 null null
3 (13,13) (12,13)
0 (3,1) (4,0)
1 (12,0) (12,2)
1 (12,2) (14,4)
1 null null
2 (0,14) (0,12)
2 (0,12) (2,14)
2 (2,14) (4,14)
2 null null
3 (13,14) (11,12)
3 (11,12) (13,12)
3 (13,12) (11,14)
3 null null
