# Server version 0.08 running on web024009.wireless.mcgill.ca:8123
# Game ID: 28
# Board class: halma.CCBoard
# Timeout: 300000
# Date: Sat Mar 29 22:11:35 EDT 2014
# Player 1: Player-0, 'improved', running on localhost
# Player 2: Player-1, 'improved', running on localhost
# Player 3: Player-2, 'improved', running on localhost
# Player 4: Player-3, 'improved', running on localhost
START Player-0 improved
START Player-1 improved
START Player-2 improved
START Player-3 improved
0 (0,1) (2,3)
0 null null
1 (14,3) (15,4)
2 (2,13) (4,15)
2 null null
3 (14,14) (12,12)
3 null null
0 (1,2) (3,4)
0 null null
1 (13,2) (11,0)
1 null null
2 (1,12) (0,11)
3 (13,13) (11,11)
3 null null
0 (2,0) (4,2)
0 null null
1 (12,1) (13,2)
2 (3,14) (4,14)
3 (14,15) (12,13)
3 (12,13) (12,11)
3 (12,11) (10,11)
3 null null
0 (1,0) (3,2)
0 (3,2) (5,2)
0 null null
1 (13,2) (14,3)
2 (4,14) (5,15)
3 (15,14) (13,12)
3 (13,12) (11,12)
3 (11,12) (9,10)
3 null null
0 (1,1) (3,3)
0 (3,3) (3,5)
0 null null
1 (14,3) (13,2)
2 (5,15) (4,14)
3 (13,15) (11,13)
3 null null
0 (0,2) (2,4)
0 (2,4) (4,6)
0 null null
1 (13,2) (14,3)
2 (4,14) (5,15)
3 (12,14) (10,12)
3 (10,12) (10,10)
3 (10,10) (8,10)
3 null null
0 (3,1) (5,3)
0 null null
1 (14,3) (13,2)
2 (5,15) (4,14)
3 (15,13) (13,11)
3 null null
0 (4,2) (6,4)
0 null null
1 (13,2) (14,3)
2 (4,14) (5,15)
3 (14,12) (12,10)
3 null null
0 (5,3) (7,5)
0 null null
1 (14,3) (13,2)
2 (5,15) (4,14)
3 (10,11) (8,9)
3 null null
0 (6,4) (8,6)
0 null null
1 (13,2) (14,3)
2 (4,14) (5,15)
3 (12,12) (10,10)
3 null null
0 (7,5) (9,7)
0 null null
1 (14,3) (13,2)
2 (5,15) (4,14)
3 (11,11) (9,9)
3 (9,9) (7,9)
3 null null
0 (8,6) (10,8)
0 null null
1 (13,2) (14,3)
2 (4,14) (5,15)
3 (9,10) (7,8)
3 null null
0 (3,5) (5,7)
0 null null
1 (14,3) (13,2)
2 (5,15) (4,14)
3 (8,9) (6,7)
3 (6,7) (4,7)
3 (4,7) (4,5)
3 null null
0 (4,6) (6,8)
0 (6,8) (8,8)
0 null null
1 (13,2) (14,3)
2 (4,14) (5,15)
3 (8,10) (6,8)
3 (6,8) (4,6)
3 (4,6) (4,4)
3 (4,4) (2,4)
3 (2,4) (0,2)
3 null null
0 (3,4) (5,6)
0 (5,6) (5,8)
0 null null
1 (14,3) (13,2)
2 (5,15) (4,14)
3 (13,11) (11,9)
3 null null
0 (2,2) (3,3)
1 (13,2) (14,3)
2 (4,14) (5,15)
3 (15,12) (14,11)
0 (0,3) (1,4)
1 (14,3) (13,2)
2 (5,15) (4,14)
3 (12,15) (11,14)
0 (3,0) (4,1)
1 (13,2) (14,3)
2 (4,14) (5,15)
3 (13,14) (12,13)
0 (4,1) (6,3)
0 null null
1 (14,3) (13,2)
2 (5,15) (4,14)
3 (14,13) (13,12)
0 (5,2) (7,4)
0 null null
1 (13,2) (14,3)
2 (4,14) (5,15)
3 (15,15) (14,14)
0 (6,3) (8,5)
0 null null
1 (14,3) (13,2)
2 (5,15) (4,14)
3 (14,14) (13,13)
0 (7,4) (9,6)
0 (9,6) (9,8)
0 (9,8) (11,8)
0 (11,8) (11,10)
0 (11,10) (13,10)
0 (13,10) (15,12)
0 null null
1 (13,2) (14,3)
2 (4,14) (5,15)
3 (13,13) (13,11)
3 null null
0 (2,1) (3,2)
1 (14,3) (13,2)
2 (5,15) (4,14)
3 (13,12) (13,10)
3 (13,10) (11,10)
3 (11,10) (11,8)
3 (11,8) (9,8)
3 (9,8) (9,6)
3 (9,6) (7,4)
3 null null
0 (1,3) (2,4)
1 (13,2) (14,3)
2 (4,14) (5,15)
3 (7,4) (6,3)
0 (0,0) (1,1)
1 (14,3) (13,2)
2 (5,15) (4,14)
3 (14,11) (13,10)
0 (8,8) (9,9)
1 (13,2) (14,3)
2 (4,14) (5,15)
3 (10,10) (8,8)
3 (8,8) (6,8)
3 (6,8) (4,6)
3 (4,6) (4,4)
3 (4,4) (2,2)
3 null null
0 (3,2) (4,3)
1 (14,3) (13,2)
2 (5,15) (4,14)
3 (11,14) (11,12)
3 null null
0 (9,9) (10,10)
1 (13,2) (14,3)
2 (4,14) (5,15)
3 (12,13) (10,11)
3 (10,11) (10,9)
3 (10,9) (10,7)
3 (10,7) (8,7)
3 null null
0 (10,10) (11,11)
1 (14,3) (13,2)
2 (5,15) (4,14)
3 (4,5) (3,4)
0 (2,3) (4,5)
0 null null
1 (13,2) (14,3)
2 (4,14) (5,15)
3 (3,4) (3,2)
3 (3,2) (1,2)
3 null null
0 (11,11) (12,12)
1 (14,3) (13,2)
2 (5,15) (4,14)
3 (13,10) (12,9)
0 (12,12) (13,13)
1 (13,2) (14,3)
2 (4,14) (5,15)
3 (12,9) (11,8)
0 (5,7) (6,8)
1 (14,3) (13,2)
2 (5,15) (4,14)
3 (7,9) (5,7)
3 null null
0 (6,8) (7,9)
1 (13,2) (14,3)
2 (4,14) (5,15)
3 (5,7) (4,6)
0 (2,4) (3,5)
1 (14,3) (13,2)
2 (5,15) (4,14)
3 (4,6) (2,4)
3 (2,4) (0,4)
3 null null
0 (1,4) (2,5)
1 (13,2) (14,3)
2 (4,14) (5,15)
3 (0,4) (1,3)
0 (4,5) (5,6)
1 (14,3) (13,2)
2 (5,15) (4,14)
3 (8,7) (7,6)
0 (10,8) (12,8)
0 null null
1 (13,2) (14,3)
2 (4,14) (5,15)
3 (12,10) (10,8)
3 (10,8) (8,6)
3 (8,6) (8,4)
3 null null
0 (12,8) (13,9)
1 (14,3) (13,2)
2 (5,15) (4,14)
3 (11,13) (11,11)
3 null null
0 (13,9) (14,10)
1 (13,2) (14,3)
2 (4,14) (5,15)
3 (11,11) (10,10)
0 (14,10) (15,11)
1 (14,3) (13,2)
2 (5,15) (4,14)
3 (10,10) (9,9)
0 (15,11) (14,12)
1 (13,2) (14,3)
2 (4,14) (5,15)
3 (9,9) (8,8)
0 (2,5) (3,6)
1 (14,3) (13,2)
2 (5,15) (4,14)
3 (8,8) (7,7)
0 (3,6) (4,7)
1 (13,2) (14,3)
2 (4,14) (5,15)
3 (7,7) (7,5)
3 null null
0 (4,7) (6,9)
0 (6,9) (8,9)
0 null null
1 (14,3) (13,2)
2 (5,15) (4,14)
3 (7,5) (6,4)
0 (8,9) (9,10)
1 (13,2) (14,3)
2 (4,14) (5,15)
3 (7,6) (6,5)
0 (9,10) (10,11)
1 (14,3) (13,2)
2 (5,15) (4,14)
3 (11,12) (9,10)
3 null null
0 (10,11) (11,12)
1 (13,2) (14,3)
2 (4,14) (5,15)
3 (9,10) (8,9)
0 (11,12) (12,13)
1 (14,3) (13,2)
2 (5,15) (4,14)
3 (8,9) (6,7)
3 (6,7) (4,5)
3 (4,5) (2,5)
3 null null
0 (12,13) (13,14)
1 (13,2) (14,3)
2 (4,14) (5,15)
3 (6,5) (5,4)
0 (4,3) (6,5)
0 null null
1 (14,3) (13,2)
2 (5,15) (4,14)
3 (5,4) (4,3)
0 (6,5) (7,6)
1 (13,2) (14,3)
2 (4,14) (5,15)
3 (2,5) (1,4)
0 (7,6) (8,7)
1 (14,3) (13,2)
2 (5,15) (4,14)
3 (1,4) (0,3)
0 (8,7) (9,8)
1 (13,2) (14,3)
2 (4,14) (5,15)
3 (6,4) (6,2)
3 null null
0 (9,8) (10,9)
1 (14,3) (13,2)
2 (5,15) (4,14)
3 (6,2) (5,1)
0 (10,9) (11,10)
1 (13,2) (14,3)
2 (4,14) (5,15)
3 (5,1) (4,0)
0 (11,10) (12,11)
1 (14,3) (13,2)
2 (5,15) (4,14)
3 (4,0) (3,0)
0 (12,11) (13,12)
1 (13,2) (14,3)
2 (4,14) (5,15)
3 (6,3) (5,2)
0 (13,12) (14,13)
1 (14,3) (13,2)
2 (5,15) (4,14)
3 (5,2) (4,1)
0 (3,5) (4,6)
1 (13,2) (14,3)
2 (4,14) (5,15)
3 (4,1) (3,1)
0 (4,6) (5,7)
1 (14,3) (13,2)
2 (5,15) (4,14)
3 (8,4) (7,3)
0 (5,7) (6,8)
1 (13,2) (14,3)
2 (4,14) (5,15)
3 (7,3) (6,2)
0 (6,8) (8,10)
0 null null
1 (14,3) (13,2)
2 (5,15) (4,14)
3 (6,2) (5,1)
0 (7,9) (9,11)
0 null null
1 (13,2) (14,3)
2 (4,14) (5,15)
3 (5,1) (4,0)
0 (8,10) (10,12)
0 null null
1 (14,3) (13,2)
2 (5,15) (4,14)
3 (4,0) (2,0)
3 null null
0 (9,11) (11,13)
0 null null
1 (13,2) (14,3)
2 (4,14) (5,15)
3 (11,9) (11,7)
3 null null
0 (10,12) (12,14)
0 null null
1 (14,3) (13,2)
2 (5,15) (4,14)
3 (11,7) (10,6)
0 (11,13) (13,15)
0 null null
1 (13,2) (14,3)
2 (4,14) (5,15)
3 (4,3) (3,2)
0 (5,6) (6,7)
1 (14,3) (13,2)
2 (5,15) (4,14)
3 (3,2) (2,1)
0 (6,7) (8,9)
0 null null
1 (13,2) (14,3)
2 (4,14) (5,15)
3 (10,6) (9,5)
0 (8,9) (9,10)
1 (14,3) (13,2)
2 (5,15) (4,14)
3 (9,5) (8,4)
0 (9,10) (10,11)
1 (13,2) (14,3)
2 (4,14) (5,15)
3 (8,4) (7,3)
0 (10,11) (11,12)
1 (14,3) (13,2)
2 (5,15) (4,14)
3 (7,3) (6,2)
0 (11,12) (12,13)
1 (13,2) (14,3)
2 (4,14) (5,15)
3 (6,2) (5,1)
0 (12,13) (14,15)
0 null null
1 (14,3) (13,2)
2 (5,15) (4,14)
3 (5,1) (4,0)
0 (5,8) (6,9)
1 (13,2) (14,3)
2 (4,14) (5,15)
3 (7,8) (6,7)
0 (6,9) (7,10)
1 (14,3) (13,2)
2 (5,15) (4,14)
3 (11,8) (10,7)
0 (7,10) (8,11)
1 (13,2) (14,3)
2 (4,14) (5,15)
3 (10,7) (9,6)
0 (8,5) (10,7)
0 null null
1 (14,3) (13,2)
2 (5,15) (4,14)
3 (9,6) (8,5)
0 (10,7) (11,8)
1 (13,2) (14,3)
2 (4,14) (5,15)
3 (8,5) (7,4)
0 (8,11) (9,12)
1 (14,3) (13,2)
2 (5,15) (4,14)
3 (7,4) (6,3)
0 (9,12) (10,13)
1 (13,2) (14,3)
2 (4,14) (5,15)
3 (6,3) (5,2)
0 (9,7) (10,8)
1 (14,3) (13,2)
2 (5,15) (4,14)
3 (5,2) (4,1)
0 (10,8) (11,9)
1 (13,2) (14,3)
2 (4,14) (5,15)
3 (6,7) (5,6)
0 (11,9) (12,10)
1 (14,3) (13,2)
2 (5,15) (4,14)
3 (13,11) (11,9)
3 (11,9) (11,7)
3 null null
0 (12,10) (13,11)
1 (13,2) (14,3)
2 (4,14) (5,15)
3 (11,7) (10,6)
0 (13,11) (15,13)
0 null null
1 (14,3) (13,2)
2 (5,15) (4,14)
3 (5,6) (4,5)
0 (3,3) (4,4)
1 (13,2) (14,3)
2 (4,14) (5,15)
3 (4,5) (4,3)
3 null null
0 (1,1) (3,3)
0 (3,3) (5,5)
0 null null
1 (14,3) (13,2)
2 (5,15) (4,14)
3 (10,6) (9,5)
0 (4,4) (6,6)
0 null null
1 (13,2) (14,3)
2 (4,14) (5,15)
3 (9,5) (8,4)
0 (5,5) (7,7)
0 null null
1 (14,3) (13,2)
2 (5,15) (4,14)
3 (8,4) (7,3)
0 (6,6) (8,8)
0 null null
1 (13,2) (14,3)
2 (4,14) (5,15)
3 (7,3) (6,2)
0 (7,7) (9,9)
0 null null
1 (14,3) (13,2)
2 (5,15) (4,14)
3 (6,2) (5,1)
0 (8,8) (10,10)
0 null null
1 (13,2) (14,3)
2 (4,14) (5,15)
3 (4,3) (3,2)
0 (9,9) (11,11)
0 null null
1 (14,3) (13,2)
2 (5,15) (4,14)
3 (3,2) (1,0)
3 null null
0 (10,10) (12,12)
0 (12,12) (14,14)
0 null null
1 (13,2) (14,3)
2 (4,14) (5,15)
3 (5,1) (5,0)
0 (11,11) (12,12)
1 (14,3) (13,2)
2 (5,15) (4,14)
3 (2,2) (1,1)
0 (11,8) (12,9)
1 (13,2) (14,3)
2 (4,14) (5,15)
3 (4,0) (2,2)
3 null null
0 (12,9) (13,10)
1 (14,3) (13,2)
2 (5,15) (4,14)
3 (5,0) (4,0)
0 (13,10) (14,11)
1 (13,2) (14,3)
2 (4,14) (5,15)
3 (2,2) (0,0)
3 null null
0 (10,13) (11,14)
1 (14,3) (13,2)
GAMEOVER 
WINNER Player-0
# Game ended: Sat Mar 29 22:11:37 EDT 2014
