# Server version 0.08 running on 192.168.2.27:8123
# Game ID: 51
# Board class: halma.CCBoard
# Timeout: 300000
# Date: Sat Mar 29 23:13:29 EDT 2014
# Player 1: Player-0, 'improved', running on localhost
# Player 2: Player-1, 'improved', running on localhost
# Player 3: Player-2, 'improved', running on localhost
# Player 4: Player-3, 'improved', running on localhost
START Player-0 improved
START Player-1 improved
START Player-2 improved
START Player-3 improved
0 (0,1) (2,3)
0 null null
1 (15,1) (13,3)
1 null null
2 (0,14) (2,12)
2 null null
3 (14,14) (12,12)
3 null null
