# Server version 0.08 running on 192.168.2.27:8123
# Game ID: 111
# Board class: halma.CCBoard
# Timeout: 300000
# Date: Sun Apr 06 09:42:29 EDT 2014
# Player 1: Player-0, 'ABPruning', running on localhost
# Player 2: Player-1, 'ABPruning', running on localhost
# Player 3: Player-2, 'ABPruning', running on localhost
# Player 4: Player-3, 'ABPruning', running on localhost
START Player-0 ABPruning
START Player-1 ABPruning
START Player-2 ABPruning
START Player-3 ABPruning
0 (1,3) (1,4)
1 (14,3) (13,3)
2 (0,12) (1,11)
3 (15,13) (15,11)
3 null null
0 (0,1) (2,3)
0 null null
1 (13,2) (12,3)
2 (3,14) (4,13)
3 (14,12) (15,13)
0 (2,3) (3,4)
1 (15,2) (13,2)
1 (13,2) (11,4)
1 null null
2 (1,13) (3,13)
2 (3,13) (5,13)
2 null null
3 (15,12) (15,10)
3 null null
0 (3,1) (1,3)
0 (1,3) (1,5)
0 null null
1 (12,0) (12,2)
1 null null
2 (0,14) (0,12)
2 (0,12) (2,12)
2 (2,12) (0,10)
2 null null
