# Server version 0.08 running on 192.168.2.27:8123
# Game ID: 96
# Board class: halma.CCBoard
# Timeout: 300000
# Date: Sat Apr 05 23:11:29 EDT 2014
# Player 1: Player-0, 'ABPruning', running on localhost
# Player 2: Player-1, 'ABPruning', running on localhost
# Player 3: Player-2, 'ABPruning', running on localhost
# Player 4: Player-3, 'ABPruning', running on localhost
START Player-0 ABPruning
START Player-1 ABPruning
START Player-2 ABPruning
START Player-3 ABPruning
0 (1,2) (2,3)
1 (12,1) (11,0)
2 (1,12) (2,12)
3 (14,13) (13,12)
GAMEOVER ILLEGAL MOVE: Player 1 move from (C,15) to (E,15)
WINNER Player-1
# Game ended: Sat Apr 05 23:11:29 EDT 2014
